<?xml version="1.0" encoding="UTF-8"?>
<!-- Generated by org.testng.reporters.JUnitXMLReporter -->
<testsuite hostname="DESKTOP-P20C76C" ignored="0" name="Default test" tests="5" failures="0" timestamp="27 Apr 2020 14:09:24 GMT" time="8.502" errors="0">
  <testcase name="checkContentType" time="0.023" classname="org.com.projectname.testcases.TC_002_GetSingleEmployeeDetail"/>
  <testcase name="checkResponeBody" time="0.078" classname="org.com.projectname.testcases.TC_002_GetSingleEmployeeDetail"/>
  <testcase name="checkResponsTime" time="0.015" classname="org.com.projectname.testcases.TC_002_GetSingleEmployeeDetail"/>
  <testcase name="checkStatusCode" time="0.0" classname="org.com.projectname.testcases.TC_002_GetSingleEmployeeDetail"/>
  <testcase name="checkStatusLine" time="0.016" classname="org.com.projectname.testcases.TC_002_GetSingleEmployeeDetail"/>
</testsuite> <!-- Default test -->
