<?xml version="1.0" encoding="UTF-8"?>
<!-- Generated by org.testng.reporters.JUnitXMLReporter -->
<testsuite hostname="DESKTOP-P20C76C" ignored="0" name="Test" tests="22" failures="2" timestamp="25 Apr 2020 08:28:40 GMT" time="25.18" errors="0">
  <testcase name="checkContentEncoding" time="0.004" classname="org.com.projectname.testcases.TC001_GetAllEmployeeDetails"/>
  <testcase name="checkContentLength" time="0.008" classname="org.com.projectname.testcases.TC001_GetAllEmployeeDetails"/>
  <testcase name="checkCookies" time="0.004" classname="org.com.projectname.testcases.TC001_GetAllEmployeeDetails"/>
  <testcase name="checkResponseBody" time="0.125" classname="org.com.projectname.testcases.TC001_GetAllEmployeeDetails"/>
  <testcase name="checkResponseTime" time="0.004" classname="org.com.projectname.testcases.TC001_GetAllEmployeeDetails"/>
  <testcase name="checkServerType" time="0.0" classname="org.com.projectname.testcases.TC001_GetAllEmployeeDetails"/>
  <testcase name="checkStatusCode" time="0.0" classname="org.com.projectname.testcases.TC001_GetAllEmployeeDetails"/>
  <testcase name="checkStatusLine" time="0.008" classname="org.com.projectname.testcases.TC001_GetAllEmployeeDetails"/>
  <testcase name="contentType" time="0.004" classname="org.com.projectname.testcases.TC001_GetAllEmployeeDetails"/>
  <testcase name="tearDown" time="0.004" classname="org.com.projectname.testcases.TC001_GetAllEmployeeDetails"/>
  <testcase name="checkContentType" time="0.0" classname="org.com.projectname.testcases.TC_002_GetSingleEmployeeDetail"/>
  <testcase name="checkResponeBody" time="0.063" classname="org.com.projectname.testcases.TC_002_GetSingleEmployeeDetail"/>
  <testcase name="checkResponsTime" time="0.0" classname="org.com.projectname.testcases.TC_002_GetSingleEmployeeDetail"/>
  <testcase name="checkServerType" time="0.0" classname="org.com.projectname.testcases.TC_002_GetSingleEmployeeDetail"/>
  <testcase name="checkStatusCode" time="0.015" classname="org.com.projectname.testcases.TC_002_GetSingleEmployeeDetail">
    <failure type="java.lang.AssertionError" message="expected [200] but found [404]">
      <![CDATA[java.lang.AssertionError: expected [200] but found [404]
	at org.com.projectname.testcases.TC_002_GetSingleEmployeeDetail.checkStatusCode(TC_002_GetSingleEmployeeDetail.java:38)
... Removed 35 stack frames]]>
    </failure>
  </testcase> <!-- checkStatusCode -->
  <testcase name="checkStatusLine" time="0.015" classname="org.com.projectname.testcases.TC_002_GetSingleEmployeeDetail">
    <failure type="java.lang.AssertionError" message="expected [HTTP/1.1 200 OK] but found [HTTP/1.1 404 Not Found]">
      <![CDATA[java.lang.AssertionError: expected [HTTP/1.1 200 OK] but found [HTTP/1.1 404 Not Found]
	at org.com.projectname.testcases.TC_002_GetSingleEmployeeDetail.checkStatusLine(TC_002_GetSingleEmployeeDetail.java:57)
... Removed 35 stack frames]]>
    </failure>
  </testcase> <!-- checkStatusLine -->
  <testcase name="checkContentLength" time="0.0" classname="org.com.projectname.testcases.TC_003_Post_SingleEmployeeDetail"/>
  <testcase name="checkContentType" time="0.0" classname="org.com.projectname.testcases.TC_003_Post_SingleEmployeeDetail"/>
  <testcase name="checkResponsTime" time="0.015" classname="org.com.projectname.testcases.TC_003_Post_SingleEmployeeDetail"/>
  <testcase name="checkResponseBody" time="0.0" classname="org.com.projectname.testcases.TC_003_Post_SingleEmployeeDetail"/>
  <testcase name="checkServerType" time="0.0" classname="org.com.projectname.testcases.TC_003_Post_SingleEmployeeDetail"/>
  <testcase name="checkStatusCode" time="0.0" classname="org.com.projectname.testcases.TC_003_Post_SingleEmployeeDetail"/>
</testsuite> <!-- Test -->
