<?xml version="1.0" encoding="UTF-8"?>
<testsuite xmlns:xsi="http://www.w3.org/2001/XMLSchema-instance" xsi:noNamespaceSchemaLocation="https://maven.apache.org/surefire/maven-surefire-plugin/xsd/surefire-test-report.xsd" name="TestSuite" time="28.005" tests="22" errors="0" skipped="0" failures="2">
  <properties>
[...]
</properties>
  <testcase name="checkContentEncoding" classname="org.com.projectname.testcases.TC001_GetAllEmployeeDetails" time="0.109"/>
  <testcase name="checkContentLength" classname="org.com.projectname.testcases.TC001_GetAllEmployeeDetails" time="0.341"/>
  <testcase name="checkCookies" classname="org.com.projectname.testcases.TC001_GetAllEmployeeDetails" time="0"/>
  <testcase name="checkResponseBody" classname="org.com.projectname.testcases.TC001_GetAllEmployeeDetails" time="0.016"/>
  <testcase name="checkResponseTime" classname="org.com.projectname.testcases.TC001_GetAllEmployeeDetails" time="0.016"/>
  <testcase name="checkServerType" classname="org.com.projectname.testcases.TC001_GetAllEmployeeDetails" time="0.015"/>
  <testcase name="checkStatusCode" classname="org.com.projectname.testcases.TC001_GetAllEmployeeDetails" time="0.016"/>
  <testcase name="checkStatusLine" classname="org.com.projectname.testcases.TC001_GetAllEmployeeDetails" time="0"/>
  <testcase name="contentType" classname="org.com.projectname.testcases.TC001_GetAllEmployeeDetails" time="0.016"/>
  <testcase name="tearDown" classname="org.com.projectname.testcases.TC001_GetAllEmployeeDetails" time="0.015"/>
  <testcase name="checkContentType" classname="org.com.projectname.testcases.TC_002_GetSingleEmployeeDetail" time="0.078"/>
  <testcase name="checkResponeBody" classname="org.com.projectname.testcases.TC_002_GetSingleEmployeeDetail" time="2.492"/>
  <testcase name="checkResponsTime" classname="org.com.projectname.testcases.TC_002_GetSingleEmployeeDetail" time="0.015"/>
  <testcase name="checkServerType" classname="org.com.projectname.testcases.TC_002_GetSingleEmployeeDetail" time="0"/>
  <testcase name="checkStatusCode" classname="org.com.projectname.testcases.TC_002_GetSingleEmployeeDetail" time="0.014">
    <failure message="expected [200] but found [404]" type="java.lang.AssertionError">java.lang.AssertionError: expected [200] but found [404]
	at org.com.projectname.testcases.TC_002_GetSingleEmployeeDetail.checkStatusCode(TC_002_GetSingleEmployeeDetail.java:38)
</failure>
    <system-out><![CDATA[2020-04-25 13:58:34 INFO  EmployeesRestAPI:35 - <-------Checking Status Code----->
2020-04-25 13:58:34 INFO  EmployeesRestAPI:37 - The Status Code is ==>404
]]></system-out>
  </testcase>
  <testcase name="checkStatusLine" classname="org.com.projectname.testcases.TC_002_GetSingleEmployeeDetail" time="0.016">
    <failure message="expected [HTTP/1.1 200 OK] but found [HTTP/1.1 404 Not Found]" type="java.lang.AssertionError">java.lang.AssertionError: expected [HTTP/1.1 200 OK] but found [HTTP/1.1 404 Not Found]
	at org.com.projectname.testcases.TC_002_GetSingleEmployeeDetail.checkStatusLine(TC_002_GetSingleEmployeeDetail.java:57)
</failure>
    <system-out><![CDATA[2020-04-25 13:58:34 INFO  EmployeesRestAPI:54 - <-------Checking Status Line
2020-04-25 13:58:34 INFO  EmployeesRestAPI:56 - The Status Line is ==>HTTP/1.1 404 Not Found
]]></system-out>
  </testcase>
  <testcase name="checkContentLength" classname="org.com.projectname.testcases.TC_003_Post_SingleEmployeeDetail" time="0.046"/>
  <testcase name="checkContentType" classname="org.com.projectname.testcases.TC_003_Post_SingleEmployeeDetail" time="0.016"/>
  <testcase name="checkResponsTime" classname="org.com.projectname.testcases.TC_003_Post_SingleEmployeeDetail" time="0.031"/>
  <testcase name="checkResponseBody" classname="org.com.projectname.testcases.TC_003_Post_SingleEmployeeDetail" time="0.032"/>
  <testcase name="checkServerType" classname="org.com.projectname.testcases.TC_003_Post_SingleEmployeeDetail" time="0.015"/>
  <testcase name="checkStatusCode" classname="org.com.projectname.testcases.TC_003_Post_SingleEmployeeDetail" time="0.016"/>
</testsuite>